<?xml version="1.0" encoding="UTF-8"?>
<testng-results ignored="0" total="5" passed="5" failed="0" skipped="0">
  <reporter-output>
  </reporter-output>
  <suite started-at="2026-04-28T17:46:01 IST" name="Selenium Test Suite" finished-at="2026-04-28T17:46:57 IST" duration-ms="55878">
    <groups>
    </groups>
    <test started-at="2026-04-28T17:46:01 IST" name="Automation Tests" finished-at="2026-04-28T17:46:57 IST" duration-ms="55878">
      <class name="AlertsTest">
        <test-method is-config="true" signature="setup()[pri:0, instance:AlertsTest@7a52f2a2]" started-at="2026-04-28T17:46:25 IST" name="setup" finished-at="2026-04-28T17:46:28 IST" duration-ms="2232" status="PASS">
          <reporter-output>
          </reporter-output>
        </test-method> <!-- setup -->
        <test-method signature="testAlertHandling()[pri:0, instance:AlertsTest@7a52f2a2]" started-at="2026-04-28T17:46:28 IST" name="testAlertHandling" finished-at="2026-04-28T17:46:35 IST" duration-ms="7255" status="PASS">
          <reporter-output>
          </reporter-output>
        </test-method> <!-- testAlertHandling -->
        <test-method is-config="true" signature="teardown()[pri:0, instance:AlertsTest@7a52f2a2]" started-at="2026-04-28T17:46:35 IST" name="teardown" finished-at="2026-04-28T17:46:35 IST" duration-ms="348" status="PASS">
          <reporter-output>
          </reporter-output>
        </test-method> <!-- teardown -->
      </class> <!-- AlertsTest -->
      <class name="TableTest">
        <test-method is-config="true" signature="setup()[pri:0, instance:TableTest@78047b92]" started-at="2026-04-28T17:46:35 IST" name="setup" finished-at="2026-04-28T17:46:37 IST" duration-ms="2091" status="PASS">
          <reporter-output>
          </reporter-output>
        </test-method> <!-- setup -->
        <test-method signature="testReadTableData()[pri:0, instance:TableTest@78047b92]" started-at="2026-04-28T17:46:37 IST" name="testReadTableData" finished-at="2026-04-28T17:46:43 IST" duration-ms="6046" status="PASS">
          <reporter-output>
          </reporter-output>
        </test-method> <!-- testReadTableData -->
        <test-method is-config="true" signature="teardown()[pri:0, instance:TableTest@78047b92]" started-at="2026-04-28T17:46:43 IST" name="teardown" finished-at="2026-04-28T17:46:44 IST" duration-ms="536" status="PASS">
          <reporter-output>
          </reporter-output>
        </test-method> <!-- teardown -->
      </class> <!-- TableTest -->
      <class name="FileUploadTest">
        <test-method is-config="true" signature="setup()[pri:0, instance:FileUploadTest@8909f18]" started-at="2026-04-28T17:46:44 IST" name="setup" finished-at="2026-04-28T17:46:47 IST" duration-ms="2646" status="PASS">
          <reporter-output>
          </reporter-output>
        </test-method> <!-- setup -->
        <test-method signature="testFileUpload()[pri:0, instance:FileUploadTest@8909f18]" started-at="2026-04-28T17:46:47 IST" name="testFileUpload" finished-at="2026-04-28T17:46:56 IST" duration-ms="9373" status="PASS">
          <reporter-output>
          </reporter-output>
        </test-method> <!-- testFileUpload -->
        <test-method is-config="true" signature="teardown()[pri:0, instance:FileUploadTest@8909f18]" started-at="2026-04-28T17:46:56 IST" name="teardown" finished-at="2026-04-28T17:46:57 IST" duration-ms="841" status="PASS">
          <reporter-output>
          </reporter-output>
        </test-method> <!-- teardown -->
      </class> <!-- FileUploadTest -->
      <class name="DropdownTest">
        <test-method is-config="true" signature="setup()[pri:0, instance:DropdownTest@69930714]" started-at="2026-04-28T17:46:15 IST" name="setup" finished-at="2026-04-28T17:46:17 IST" duration-ms="2156" status="PASS">
          <reporter-output>
          </reporter-output>
        </test-method> <!-- setup -->
        <test-method signature="testSelectDropdown()[pri:0, instance:DropdownTest@69930714]" started-at="2026-04-28T17:46:17 IST" name="testSelectDropdown" finished-at="2026-04-28T17:46:25 IST" duration-ms="7736" status="PASS">
          <reporter-output>
          </reporter-output>
        </test-method> <!-- testSelectDropdown -->
        <test-method is-config="true" signature="teardown()[pri:0, instance:DropdownTest@69930714]" started-at="2026-04-28T17:46:25 IST" name="teardown" finished-at="2026-04-28T17:46:25 IST" duration-ms="439" status="PASS">
          <reporter-output>
          </reporter-output>
        </test-method> <!-- teardown -->
      </class> <!-- DropdownTest -->
      <class name="LoginTest">
        <test-method is-config="true" signature="setup()[pri:0, instance:LoginTest@25a65b77]" started-at="2026-04-28T17:46:01 IST" name="setup" finished-at="2026-04-28T17:46:05 IST" duration-ms="3622" status="PASS">
          <reporter-output>
          </reporter-output>
        </test-method> <!-- setup -->
        <test-method signature="testLoginSuccess()[pri:0, instance:LoginTest@25a65b77]" started-at="2026-04-28T17:46:05 IST" name="testLoginSuccess" finished-at="2026-04-28T17:46:15 IST" duration-ms="10011" status="PASS">
          <reporter-output>
          </reporter-output>
        </test-method> <!-- testLoginSuccess -->
        <test-method is-config="true" signature="teardown()[pri:0, instance:LoginTest@25a65b77]" started-at="2026-04-28T17:46:15 IST" name="teardown" finished-at="2026-04-28T17:46:15 IST" duration-ms="378" status="PASS">
          <reporter-output>
          </reporter-output>
        </test-method> <!-- teardown -->
      </class> <!-- LoginTest -->
    </test> <!-- Automation Tests -->
  </suite> <!-- Selenium Test Suite -->
</testng-results>
