<?xml version="1.0" encoding="UTF-8"?>
<!-- Generated by org.testng.reporters.JUnitXMLReporter -->
<testsuite ignored="0" hostname="KANUSHKA" failures="0" tests="5" name="Automation Tests" time="55.878" errors="0" timestamp="2026-04-28T17:46:57 IST">
  <testcase classname="LoginTest" name="testLoginSuccess" time="10.011"/>
  <testcase classname="DropdownTest" name="testSelectDropdown" time="7.736"/>
  <testcase classname="AlertsTest" name="testAlertHandling" time="7.255"/>
  <testcase classname="TableTest" name="testReadTableData" time="6.046"/>
  <testcase classname="FileUploadTest" name="testFileUpload" time="9.373"/>
</testsuite> <!-- Automation Tests -->
